<?xml version="1.0" encoding="UTF-8"?>
<!-- Generated by org.testng.reporters.JUnitXMLReporter -->
<testsuite ignored="0" hostname="Vivek" failures="1" tests="2" name="Testn" time="0.534" errors="0" timestamp="2023-06-22T09:49:50 EDT">
  <testcase classname="OrangeHRMtest.Logintest" name="@BeforeMethod initsetup" time="0.007">
    <failure type="java.lang.NullPointerException" message="Cannot invoke &amp;quot;String.equals(Object)&amp;quot; because &amp;quot;browsername&amp;quot; is null">
      <![CDATA[java.lang.NullPointerException: Cannot invoke "String.equals(Object)" because "browsername" is null
at basepackageOrangeHR.BaseclassOrangeHR.initiation(BaseclassOrangeHR.java:45)
at OrangeHRMtest.Logintest.initsetup(Logintest.java:23)
at java.base/java.util.ArrayList.forEach(ArrayList.java:1511)
... Removed 29 stack frames]]>
    </failure>
  </testcase> <!-- @BeforeMethod initsetup -->
  <testcase classname="OrangeHRMtest.Logintest" name="@AfterMethod close" time="0.0">
    <skipped/>
  </testcase> <!-- @AfterMethod close -->
  <testcase classname="OrangeHRMtest.Logintest" name="Login" time="0.0">
    <failure type="java.lang.RuntimeException" message="java.lang.NullPointerException: Cannot invoke &amp;quot;Object.toString()&amp;quot; because the return value of &amp;quot;org.apache.poi.ss.usermodel.Row.getCell(int)&amp;quot; is null">
      <![CDATA[java.lang.RuntimeException: java.lang.NullPointerException: Cannot invoke "Object.toString()" because the return value of "org.apache.poi.ss.usermodel.Row.getCell(int)" is null
at java.base/java.util.ArrayList.forEach(ArrayList.java:1511)
Caused by: java.lang.NullPointerException: Cannot invoke "Object.toString()" because the return value of "org.apache.poi.ss.usermodel.Row.getCell(int)" is null
at testdata.Excelsheet.readdata(Excelsheet.java:40)
at OrangeHRMtest.Logintest.Details(Logintest.java:39)
... 25 more
... Removed 30 stack frames]]>
    </failure>
  </testcase> <!-- Login -->
  <testcase classname="OrangeHRMtest.Logintest" name="Title" time="0.0">
    <skipped/>
  </testcase> <!-- Title -->
</testsuite> <!-- Testn -->
